#
# A fatal error has been detected by the Java Runtime Environment:
#
#  EXCEPTION_ACCESS_VIOLATION (0xc0000005) at pc=0x000000006efc88cf, pid=4864, tid=0x000000000000013c
#
# JRE version: OpenJDK Runtime Environment (8.0_152-b02) (build 1.8.0_152-release-1024-b02)
# Java VM: OpenJDK 64-Bit Server VM (25.152-b02 mixed mode windows-amd64 compressed oops)
# Problematic frame:
# V  [jvm.dll+0x4688cf]
#
# Failed to write core dump. Minidumps are not enabled by default on client versions of Windows
#
# If you would like to submit a bug report, please visit:
#   http://bugreport.java.com/bugreport/crash.jsp
#

---------------  T H R E A D  ---------------

Current thread (0x0000000057542800):  JavaThread "C2 CompilerThread1" daemon [_thread_in_native, id=316, stack(0x0000000057b90000,0x0000000057c90000)]

siginfo: ExceptionCode=0xc0000005, reading address 0x000000006f7250ac

Registers:
RAX=0x0000000059b70620, RBX=0x00000000658581d0, RCX=0x0000000000000007, RDX=0x0000000000000007
RSP=0x0000000057c8c2c0, RBP=0x0000000057c8c740, RSI=0x0000000057c8c450, RDI=0x00000000000005f1
R8 =0x0000000000020000, R9 =0x000000006f725090, R10=0x000000006eb60000, R11=0x00000000000000a0
R12=0x000000006f325090, R13=0x000000006eb60000, R14=0x000000006eb60000, R15=0x0000000000000000
RIP=0x000000006efc88cf, EFLAGS=0x0000000000010206

Top of Stack: (sp=0x0000000057c8c2c0)
0x0000000057c8c2c0:   0000000065846250 0000000065a699c0
0x0000000057c8c2d0:   0000000057c8c740 0000000057c8c450
0x0000000057c8c2e0:   00001d9e00000000 0000000000000005
0x0000000057c8c2f0:   000000005c9e8100 000000000000001e
0x0000000057c8c300:   000000005cac2360 000000000000004e
0x0000000057c8c310:   000000006576b6f0 000000005986e630
0x0000000057c8c320:   000000000000752f 0000000000000000
0x0000000057c8c330:   0000000000000001 000000006ef92fe4
0x0000000057c8c340:   0000000065a699c0 0000000057c8c740
0x0000000057c8c350:   00000000000005f1 000000000003b600
0x0000000057c8c360:   00001cb400000000 0000000000000008
0x0000000057c8c370:   000000005c9e6d60 0000000000000001
0x0000000057c8c380:   000000005cacf8a0 0000000000000001
0x0000000057c8c390:   000000006576ac50 0000000000000000
0x0000000057c8c3a0:   000000005c181b08 0000000000000000
0x0000000057c8c3b0:   00000000000003d8 000000005c181730 

Instructions: (pc=0x000000006efc88cf)
0x000000006efc88af:   e8 3c 47 00 00 4c 8b c8 8b d7 8b cf 41 b8 01 00
0x000000006efc88bf:   00 00 c1 ea 05 83 e1 1f 83 e2 07 41 d3 e0 8b ca
0x000000006efc88cf:   41 8b 14 91 8b c2 41 0b c0 41 89 04 89 41 85 d0
0x000000006efc88df:   0f 85 4b ff ff ff ff 03 e9 44 ff ff ff 48 8b 9c 


Register to memory mapping:

RAX=0x0000000059b70620 is an unknown value
RBX=0x00000000658581d0 is an unknown value
RCX=0x0000000000000007 is an unknown value
RDX=0x0000000000000007 is an unknown value
RSP=0x0000000057c8c2c0 is pointing into the stack for thread: 0x0000000057542800
RBP=0x0000000057c8c740 is pointing into the stack for thread: 0x0000000057542800
RSI=0x0000000057c8c450 is pointing into the stack for thread: 0x0000000057542800
RDI=0x00000000000005f1 is an unknown value
R8 =0x0000000000020000 is an unknown value
R9 =0x000000006f725090 is an unknown value
R10=0x000000006eb60000 is an unknown value
R11=0x00000000000000a0 is an unknown value
R12=0x000000006f325090 is an unknown value
R13=0x000000006eb60000 is an unknown value
R14=0x000000006eb60000 is an unknown value
R15=0x0000000000000000 is an unknown value


Stack: [0x0000000057b90000,0x0000000057c90000],  sp=0x0000000057c8c2c0,  free space=1008k
Native frames: (J=compiled Java code, j=interpreted, Vv=VM code, C=native code)
V  [jvm.dll+0x4688cf]
V  [jvm.dll+0x432fe4]
V  [jvm.dll+0x434cd3]
V  [jvm.dll+0x43f76b]
V  [jvm.dll+0x44203e]
V  [jvm.dll+0x4250b2]
V  [jvm.dll+0x814c8]
V  [jvm.dll+0x81dff]
V  [jvm.dll+0x21d2df]
V  [jvm.dll+0x26d7ea]
C  [msvcr100.dll+0x21d9f]
C  [msvcr100.dll+0x21e3b]
C  [kernel32.dll+0x159cd]
C  [ntdll.dll+0x2a2e1]


Current CompileTask:
C2: 124410 11351   !   4       java.net.URLClassLoader$1::run (63 bytes)


---------------  P R O C E S S  ---------------

Java Threads: ( => current thread )
  0x000000005ca48000 JavaThread "Cache worker for Java compile cache (C:\Users\q\AndroidStudioProjects\1stweek\.gradle\4.4\javaCompile)" [_thread_blocked, id=3128, stack(0x0000000065230000,0x0000000065330000)]
  0x000000005ca45000 JavaThread "Task worker for ':' Thread 3" [_thread_blocked, id=3472, stack(0x0000000064790000,0x0000000064890000)]
  0x000000005ca47000 JavaThread "Task worker for ':' Thread 2" [_thread_in_Java, id=492, stack(0x0000000064f80000,0x0000000065080000)]
  0x000000005ca46800 JavaThread "Task worker for ':'" [_thread_blocked, id=3588, stack(0x00000000648b0000,0x00000000649b0000)]
  0x000000005ca43800 JavaThread "Cache worker for Build Output Cleanup Cache (C:\Users\q\AndroidStudioProjects\1stweek\.gradle\buildOutputCleanup)" [_thread_blocked, id=3928, stack(0x0000000064660000,0x0000000064760000)]
  0x000000005ca42000 JavaThread "Cache worker for task history cache (C:\Users\q\AndroidStudioProjects\1stweek\.gradle\4.4\taskHistory)" [_thread_blocked, id=1900, stack(0x0000000061960000,0x0000000061a60000)]
  0x000000005ca41000 JavaThread "Cache worker for file content cache (C:\Users\q\AndroidStudioProjects\1stweek\.gradle\4.4\fileContent)" [_thread_blocked, id=3584, stack(0x0000000064490000,0x0000000064590000)]
  0x000000005c73a000 JavaThread "build operations Thread 4" [_thread_blocked, id=1416, stack(0x0000000061790000,0x0000000061890000)]
  0x000000005c735800 JavaThread "build operations Thread 3" [_thread_blocked, id=3296, stack(0x00000000615c0000,0x00000000616c0000)]
  0x000000005c736000 JavaThread "build operations Thread 2" [_thread_blocked, id=3248, stack(0x00000000614b0000,0x00000000615b0000)]
  0x000000005c734800 JavaThread "build operations" [_thread_blocked, id=2228, stack(0x00000000608d0000,0x00000000609d0000)]
  0x000000005c731800 JavaThread "Cache worker for Artifact transforms cache (C:\Users\q\.gradle\caches\transforms-1)" [_thread_blocked, id=3392, stack(0x000000005ac00000,0x000000005ad00000)]
  0x000000005c733000 JavaThread "Cache worker for file hash cache (C:\Users\q\AndroidStudioProjects\1stweek\.gradle\4.4\fileHashes)" [_thread_blocked, id=3052, stack(0x00000000606c0000,0x00000000607c0000)]
  0x000000005c731000 JavaThread "Stdin handler" [_thread_blocked, id=3328, stack(0x000000005a1a0000,0x000000005a2a0000)]
  0x000000005c73f800 JavaThread "Asynchronous log dispatcher for DefaultDaemonConnection: socket connection from /127.0.0.1:49201 to /127.0.0.1:49279" [_thread_blocked, id=3344, stack(0x000000005a470000,0x000000005a570000)]
  0x000000005c737800 JavaThread "Cancel handler" [_thread_blocked, id=3388, stack(0x000000005a960000,0x000000005aa60000)]
  0x000000005c738800 JavaThread "Handler for socket connection from /127.0.0.1:49201 to /127.0.0.1:49279" [_thread_in_native, id=3420, stack(0x000000005a780000,0x000000005a880000)]
  0x000000005c737000 JavaThread "Memory manager" [_thread_blocked, id=5112, stack(0x0000000061080000,0x0000000061180000)]
  0x00000000592b2000 JavaThread "File lock request listener" [_thread_in_native, id=5068, stack(0x0000000057310000,0x0000000057410000)]
  0x00000000598ff800 JavaThread "Cache worker for file hash cache (C:\Users\q\.gradle\caches\4.4\fileHashes)" [_thread_blocked, id=992, stack(0x000000005af90000,0x000000005b090000)]
  0x00000000592b7000 JavaThread "Daemon worker" [_thread_blocked, id=5060, stack(0x000000005aa70000,0x000000005ab70000)]
  0x0000000059299800 JavaThread "Daemon" [_thread_blocked, id=1120, stack(0x000000005a2c0000,0x000000005a3c0000)]
  0x0000000059265800 JavaThread "Daemon periodic checks" [_thread_blocked, id=5048, stack(0x0000000059e70000,0x0000000059f70000)]
  0x000000005963f800 JavaThread "Incoming local TCP Connector on port 49201" [_thread_in_native, id=996, stack(0x000000005a090000,0x000000005a190000)]
  0x00000000575be800 JavaThread "Service Thread" daemon [_thread_blocked, id=368, stack(0x00000000581b0000,0x00000000582b0000)]
  0x0000000057544000 JavaThread "C1 CompilerThread2" daemon [_thread_in_vm, id=5044, stack(0x0000000057f00000,0x0000000058000000)]
=>0x0000000057542800 JavaThread "C2 CompilerThread1" daemon [_thread_in_native, id=316, stack(0x0000000057b90000,0x0000000057c90000)]
  0x000000005621d000 JavaThread "C2 CompilerThread0" daemon [_thread_in_native, id=5040, stack(0x0000000057da0000,0x0000000057ea0000)]
  0x0000000057528800 JavaThread "Attach Listener" daemon [_thread_blocked, id=5032, stack(0x0000000057c90000,0x0000000057d90000)]
  0x000000005620d800 JavaThread "Signal Dispatcher" daemon [_thread_blocked, id=5028, stack(0x0000000057a10000,0x0000000057b10000)]
  0x00000000561f9800 JavaThread "Finalizer" daemon [_thread_blocked, id=5016, stack(0x0000000057420000,0x0000000057520000)]
  0x00000000561b2000 JavaThread "Reference Handler" daemon [_thread_blocked, id=5000, stack(0x00000000571f0000,0x00000000572f0000)]
  0x000000000219e800 JavaThread "main" [_thread_blocked, id=4784, stack(0x0000000002340000,0x0000000002440000)]

Other Threads:
  0x00000000561aa800 VMThread [stack: 0x0000000057090000,0x0000000057190000] [id=4936]
  0x00000000575c0800 WatcherThread [stack: 0x0000000058390000,0x0000000058490000] [id=1000]

VM state:not at safepoint (normal execution)

VM Mutex/Monitor currently owned by a thread: None

Heap:
 PSYoungGen      total 439296K, used 112262K [0x00000000e0000000, 0x0000000100000000, 0x0000000100000000)
  eden space 410624K, 24% used [0x00000000e0000000,0x00000000e630a058,0x00000000f9100000)
  from space 28672K, 37% used [0x00000000f9100000,0x00000000f9b97950,0x00000000fad00000)
  to   space 27648K, 0% used [0x00000000fe500000,0x00000000fe500000,0x0000000100000000)
 ParOldGen       total 192000K, used 53740K [0x00000000a0000000, 0x00000000abb80000, 0x00000000e0000000)
  object space 192000K, 27% used [0x00000000a0000000,0x00000000a347b040,0x00000000abb80000)
 Metaspace       used 69328K, capacity 72124K, committed 72280K, reserved 1112064K
  class space    used 9164K, capacity 9813K, committed 9816K, reserved 1048576K

Card table byte_map: [0x00000000118c0000,0x0000000011bd0000] byte_map_base: 0x00000000113c0000

Marking Bits: (ParMarkBitMap*) 0x000000006f324970
 Begin Bits: [0x0000000012520000, 0x0000000013d20000)
 End Bits:   [0x0000000013d20000, 0x0000000015520000)

Polling page: 0x0000000000110000

CodeCache: size=245760Kb used=33410Kb max_used=33422Kb free=212349Kb
 bounds [0x0000000002500000, 0x00000000045d0000, 0x0000000011500000]
 total_blobs=10657 nmethods=9854 adapters=715
 compilation: enabled

Compilation events (10 events):
Event: 124.324 Thread 0x0000000057544000 11695   !   2       org.gradle.cache.internal.ProducerGuard$StripedProducerGuard::guardByKey (46 bytes)
Event: 124.324 Thread 0x0000000057544000 nmethod 11695 0x00000000045c1090 code [0x00000000045c1240, 0x00000000045c1508]
Event: 124.331 Thread 0x000000005621d000 nmethod 11680 0x00000000045c5750 code [0x00000000045c59a0, 0x00000000045c6e10]
Event: 124.331 Thread 0x000000005621d000 11689       4       com.google.common.collect.Iterators::emptyIterator (4 bytes)
Event: 124.331 Thread 0x000000005621d000 nmethod 11689 0x0000000004513350 code [0x0000000004513480, 0x00000000045134d8]
Event: 124.331 Thread 0x000000005621d000 11665       4       com.google.common.collect.AbstractMapBasedMultimap$WrappedCollection$WrappedIterator::next (14 bytes)
Event: 124.333 Thread 0x000000005621d000 nmethod 11665 0x00000000045c20d0 code [0x00000000045c2240, 0x00000000045c24d8]
Event: 124.333 Thread 0x000000005621d000 11663       4       java.util.concurrent.ArrayBlockingQueue::enqueue (53 bytes)
Event: 124.339 Thread 0x000000005621d000 nmethod 11663 0x00000000045c3790 code [0x00000000045c3920, 0x00000000045c3d48]
Event: 124.349 Thread 0x000000005621d000 11696       4       org.gradle.api.internal.changedetection.state.DefaultFileSystemSnapshotter$2::create (5 bytes)

GC Heap History (10 events):
Event: 19.954 GC heap before
{Heap before GC invocations=10 (full 2):
 PSYoungGen      total 206336K, used 206318K [0x00000000e0000000, 0x00000000f5c80000, 0x0000000100000000)
  eden space 189440K, 100% used [0x00000000e0000000,0x00000000eb900000,0x00000000eb900000)
  from space 16896K, 99% used [0x00000000eb900000,0x00000000ec97bbe8,0x00000000ec980000)
  to   space 24064K, 0% used [0x00000000f4500000,0x00000000f4500000,0x00000000f5c80000)
 ParOldGen       total 133632K, used 30218K [0x00000000a0000000, 0x00000000a8280000, 0x00000000e0000000)
  object space 133632K, 22% used [0x00000000a0000000,0x00000000a1d829b8,0x00000000a8280000)
 Metaspace       used 55959K, capacity 57868K, committed 58200K, reserved 1099776K
  class space    used 7682K, capacity 8199K, committed 8280K, reserved 1048576K
Event: 19.981 GC heap after
Heap after GC invocations=10 (full 2):
 PSYoungGen      total 323584K, used 24062K [0x00000000e0000000, 0x00000000f5d80000, 0x0000000100000000)
  eden space 299520K, 0% used [0x00000000e0000000,0x00000000e0000000,0x00000000f2480000)
  from space 24064K, 99% used [0x00000000f4500000,0x00000000f5c7fbf8,0x00000000f5c80000)
  to   space 29184K, 0% used [0x00000000f2480000,0x00000000f2480000,0x00000000f4100000)
 ParOldGen       total 133632K, used 33916K [0x00000000a0000000, 0x00000000a8280000, 0x00000000e0000000)
  object space 133632K, 25% used [0x00000000a0000000,0x00000000a211f250,0x00000000a8280000)
 Metaspace       used 55959K, capacity 57868K, committed 58200K, reserved 1099776K
  class space    used 7682K, capacity 8199K, committed 8280K, reserved 1048576K
}
Event: 20.282 GC heap before
{Heap before GC invocations=11 (full 2):
 PSYoungGen      total 323584K, used 41588K [0x00000000e0000000, 0x00000000f5d80000, 0x0000000100000000)
  eden space 299520K, 5% used [0x00000000e0000000,0x00000000e111d4c8,0x00000000f2480000)
  from space 24064K, 99% used [0x00000000f4500000,0x00000000f5c7fbf8,0x00000000f5c80000)
  to   space 29184K, 0% used [0x00000000f2480000,0x00000000f2480000,0x00000000f4100000)
 ParOldGen       total 133632K, used 33916K [0x00000000a0000000, 0x00000000a8280000, 0x00000000e0000000)
  object space 133632K, 25% used [0x00000000a0000000,0x00000000a211f250,0x00000000a8280000)
 Metaspace       used 56850K, capacity 58988K, committed 59028K, reserved 1099776K
  class space    used 7802K, capacity 8387K, committed 8408K, reserved 1048576K
Event: 20.303 GC heap after
Heap after GC invocations=11 (full 2):
 PSYoungGen      total 328704K, used 18220K [0x00000000e0000000, 0x00000000fdb80000, 0x0000000100000000)
  eden space 299520K, 0% used [0x00000000e0000000,0x00000000e0000000,0x00000000f2480000)
  from space 29184K, 62% used [0x00000000f2480000,0x00000000f364b2c8,0x00000000f4100000)
  to   space 29184K, 0% used [0x00000000fbf00000,0x00000000fbf00000,0x00000000fdb80000)
 ParOldGen       total 133632K, used 40802K [0x00000000a0000000, 0x00000000a8280000, 0x00000000e0000000)
  object space 133632K, 30% used [0x00000000a0000000,0x00000000a27d8be8,0x00000000a8280000)
 Metaspace       used 56850K, capacity 58988K, committed 59028K, reserved 1099776K
  class space    used 7802K, capacity 8387K, committed 8408K, reserved 1048576K
}
Event: 20.303 GC heap before
{Heap before GC invocations=12 (full 3):
 PSYoungGen      total 328704K, used 18220K [0x00000000e0000000, 0x00000000fdb80000, 0x0000000100000000)
  eden space 299520K, 0% used [0x00000000e0000000,0x00000000e0000000,0x00000000f2480000)
  from space 29184K, 62% used [0x00000000f2480000,0x00000000f364b2c8,0x00000000f4100000)
  to   space 29184K, 0% used [0x00000000fbf00000,0x00000000fbf00000,0x00000000fdb80000)
 ParOldGen       total 133632K, used 40802K [0x00000000a0000000, 0x00000000a8280000, 0x00000000e0000000)
  object space 133632K, 30% used [0x00000000a0000000,0x00000000a27d8be8,0x00000000a8280000)
 Metaspace       used 56850K, capacity 58988K, committed 59028K, reserved 1099776K
  class space    used 7802K, capacity 8387K, committed 8408K, reserved 1048576K
Event: 20.509 GC heap after
Heap after GC invocations=12 (full 3):
 PSYoungGen      total 328704K, used 0K [0x00000000e0000000, 0x00000000fdb80000, 0x0000000100000000)
  eden space 299520K, 0% used [0x00000000e0000000,0x00000000e0000000,0x00000000f2480000)
  from space 29184K, 0% used [0x00000000f2480000,0x00000000f2480000,0x00000000f4100000)
  to   space 29184K, 0% used [0x00000000fbf00000,0x00000000fbf00000,0x00000000fdb80000)
 ParOldGen       total 192000K, used 50867K [0x00000000a0000000, 0x00000000abb80000, 0x00000000e0000000)
  object space 192000K, 26% used [0x00000000a0000000,0x00000000a31acf20,0x00000000abb80000)
 Metaspace       used 56850K, capacity 58988K, committed 59028K, reserved 1099776K
  class space    used 7802K, capacity 8387K, committed 8408K, reserved 1048576K
}
Event: 70.754 GC heap before
{Heap before GC invocations=13 (full 3):
 PSYoungGen      total 328704K, used 299520K [0x00000000e0000000, 0x00000000fdb80000, 0x0000000100000000)
  eden space 299520K, 100% used [0x00000000e0000000,0x00000000f2480000,0x00000000f2480000)
  from space 29184K, 0% used [0x00000000f2480000,0x00000000f2480000,0x00000000f4100000)
  to   space 29184K, 0% used [0x00000000fbf00000,0x00000000fbf00000,0x00000000fdb80000)
 ParOldGen       total 192000K, used 50867K [0x00000000a0000000, 0x00000000abb80000, 0x00000000e0000000)
  object space 192000K, 26% used [0x00000000a0000000,0x00000000a31acf20,0x00000000abb80000)
 Metaspace       used 62796K, capacity 65332K, committed 65368K, reserved 1105920K
  class space    used 8385K, capacity 9037K, committed 9048K, reserved 1048576K
Event: 70.765 GC heap after
Heap after GC invocations=13 (full 3):
 PSYoungGen      total 416768K, used 10131K [0x00000000e0000000, 0x00000000fc900000, 0x0000000100000000)
  eden space 406528K, 0% used [0x00000000e0000000,0x00000000e0000000,0x00000000f8d00000)
  from space 10240K, 98% used [0x00000000fbf00000,0x00000000fc8e4f90,0x00000000fc900000)
  to   space 28672K, 0% used [0x00000000f9100000,0x00000000f9100000,0x00000000fad00000)
 ParOldGen       total 192000K, used 50875K [0x00000000a0000000, 0x00000000abb80000, 0x00000000e0000000)
  object space 192000K, 26% used [0x00000000a0000000,0x00000000a31aef20,0x00000000abb80000)
 Metaspace       used 62796K, capacity 65332K, committed 65368K, reserved 1105920K
  class space    used 8385K, capacity 9037K, committed 9048K, reserved 1048576K
}
Event: 123.236 GC heap before
{Heap before GC invocations=14 (full 3):
 PSYoungGen      total 416768K, used 416659K [0x00000000e0000000, 0x00000000fc900000, 0x0000000100000000)
  eden space 406528K, 100% used [0x00000000e0000000,0x00000000f8d00000,0x00000000f8d00000)
  from space 10240K, 98% used [0x00000000fbf00000,0x00000000fc8e4f90,0x00000000fc900000)
  to   space 28672K, 0% used [0x00000000f9100000,0x00000000f9100000,0x00000000fad00000)
 ParOldGen       total 192000K, used 50875K [0x00000000a0000000, 0x00000000abb80000, 0x00000000e0000000)
  object space 192000K, 26% used [0x00000000a0000000,0x00000000a31aef20,0x00000000abb80000)
 Metaspace       used 64450K, capacity 67278K, committed 67416K, reserved 1107968K
  class space    used 8556K, capacity 9226K, committed 9304K, reserved 1048576K
Event: 123.249 GC heap after
Heap after GC invocations=14 (full 3):
 PSYoungGen      total 439296K, used 10846K [0x00000000e0000000, 0x0000000100000000, 0x0000000100000000)
  eden space 410624K, 0% used [0x00000000e0000000,0x00000000e0000000,0x00000000f9100000)
  from space 28672K, 37% used [0x00000000f9100000,0x00000000f9b97950,0x00000000fad00000)
  to   space 27648K, 0% used [0x00000000fe500000,0x00000000fe500000,0x0000000100000000)
 ParOldGen       total 192000K, used 53740K [0x00000000a0000000, 0x00000000abb80000, 0x00000000e0000000)
  object space 192000K, 27% used [0x00000000a0000000,0x00000000a347b040,0x00000000abb80000)
 Metaspace       used 64450K, capacity 67278K, committed 67416K, reserved 1107968K
  class space    used 8556K, capacity 9226K, committed 9304K, reserved 1048576K
}

Deoptimization events (10 events):
Event: 124.069 Thread 0x000000005ca47000 Uncommon trap: reason=class_check action=maybe_recompile pc=0x000000000451d948 method=com.sun.tools.javac.code.Types.rank(Lcom/sun/tools/javac/code/Type;)I @ 1
Event: 124.069 Thread 0x000000005ca47000 Uncommon trap: reason=class_check action=maybe_recompile pc=0x000000000451db94 method=com.sun.tools.javac.code.Types.rank(Lcom/sun/tools/javac/code/Type;)I @ 131
Event: 124.075 Thread 0x000000005ca47000 Uncommon trap: reason=unstable_if action=reinterpret pc=0x00000000044fe5ac method=com.sun.tools.javac.code.Scope.lookup(Lcom/sun/tools/javac/util/Name;Lcom/sun/tools/javac/util/Filter;)Lcom/sun/tools/javac/code/Scope$Entry; @ 19
Event: 124.075 Thread 0x000000005ca47000 Uncommon trap: reason=unstable_if action=reinterpret pc=0x000000000450c688 method=com.sun.tools.javac.code.Scope.lookup(Lcom/sun/tools/javac/util/Name;Lcom/sun/tools/javac/util/Filter;)Lcom/sun/tools/javac/code/Scope$Entry; @ 19
Event: 124.267 Thread 0x000000005ca47000 Uncommon trap: reason=bimorphic action=maybe_recompile pc=0x000000000432c190 method=com.google.common.collect.AbstractMapBasedMultimap.iteratorOrListIterator(Ljava/util/Collection;)Ljava/util/Iterator; @ 20
Event: 124.267 Thread 0x000000005ca47000 Uncommon trap: reason=bimorphic action=maybe_recompile pc=0x000000000432c190 method=com.google.common.collect.AbstractMapBasedMultimap.iteratorOrListIterator(Ljava/util/Collection;)Ljava/util/Iterator; @ 20
Event: 124.267 Thread 0x000000005ca47000 Uncommon trap: reason=bimorphic action=maybe_recompile pc=0x000000000432c190 method=com.google.common.collect.AbstractMapBasedMultimap.iteratorOrListIterator(Ljava/util/Collection;)Ljava/util/Iterator; @ 20
Event: 124.268 Thread 0x000000005ca47000 Uncommon trap: reason=bimorphic action=maybe_recompile pc=0x000000000432c190 method=com.google.common.collect.AbstractMapBasedMultimap.iteratorOrListIterator(Ljava/util/Collection;)Ljava/util/Iterator; @ 20
Event: 124.268 Thread 0x000000005ca47000 Uncommon trap: reason=bimorphic action=maybe_recompile pc=0x000000000432d678 method=com.google.common.collect.AbstractMapBasedMultimap.iteratorOrListIterator(Ljava/util/Collection;)Ljava/util/Iterator; @ 20
Event: 124.304 Thread 0x000000005ca42000 Uncommon trap: reason=unstable_if action=reinterpret pc=0x0000000003b98528 method=com.esotericsoftware.kryo.io.Output.writeByte(B)V @ 8

Classes redefined (0 events):
No events

Internal exceptions (10 events):
Event: 121.805 Thread 0x00000000592b7000 Exception <a 'sun/nio/fs/WindowsException'> (0x00000000f1da9150) thrown at [D:\src\AOSP-openjdk-cygwin\jdk8u\hotspot\src\share\vm\prims\jni.cpp, line 709]
Event: 121.805 Thread 0x00000000592b7000 Exception <a 'sun/nio/fs/WindowsException'> (0x00000000f1da9e20) thrown at [D:\src\AOSP-openjdk-cygwin\jdk8u\hotspot\src\share\vm\prims\jni.cpp, line 709]
Event: 121.806 Thread 0x00000000592b7000 Exception <a 'sun/nio/fs/WindowsException'> (0x00000000f1dad3f0) thrown at [D:\src\AOSP-openjdk-cygwin\jdk8u\hotspot\src\share\vm\prims\jni.cpp, line 709]
Event: 121.806 Thread 0x00000000592b7000 Exception <a 'sun/nio/fs/WindowsException'> (0x00000000f1dadfa8) thrown at [D:\src\AOSP-openjdk-cygwin\jdk8u\hotspot\src\share\vm\prims\jni.cpp, line 709]
Event: 121.806 Thread 0x00000000592b7000 Exception <a 'sun/nio/fs/WindowsException'> (0x00000000f1dafb98) thrown at [D:\src\AOSP-openjdk-cygwin\jdk8u\hotspot\src\share\vm\prims\jni.cpp, line 709]
Event: 121.806 Thread 0x00000000592b7000 Exception <a 'sun/nio/fs/WindowsException'> (0x00000000f1db0790) thrown at [D:\src\AOSP-openjdk-cygwin\jdk8u\hotspot\src\share\vm\prims\jni.cpp, line 709]
Event: 121.806 Thread 0x00000000592b7000 Exception <a 'sun/nio/fs/WindowsException'> (0x00000000f1db3338) thrown at [D:\src\AOSP-openjdk-cygwin\jdk8u\hotspot\src\share\vm\prims\jni.cpp, line 709]
Event: 121.806 Thread 0x00000000592b7000 Exception <a 'sun/nio/fs/WindowsException'> (0x00000000f1db3fd0) thrown at [D:\src\AOSP-openjdk-cygwin\jdk8u\hotspot\src\share\vm\prims\jni.cpp, line 709]
Event: 121.806 Thread 0x00000000592b7000 Exception <a 'sun/nio/fs/WindowsException'> (0x00000000f1db5cb0) thrown at [D:\src\AOSP-openjdk-cygwin\jdk8u\hotspot\src\share\vm\prims\jni.cpp, line 709]
Event: 121.806 Thread 0x00000000592b7000 Exception <a 'sun/nio/fs/WindowsException'> (0x00000000f1db6980) thrown at [D:\src\AOSP-openjdk-cygwin\jdk8u\hotspot\src\share\vm\prims\jni.cpp, line 709]

Events (10 events):
Event: 124.267 Thread 0x000000005ca47000 DEOPT UNPACKING pc=0x000000000254557b sp=0x000000006507d2b0 mode 2
Event: 124.268 Thread 0x000000005ca47000 Uncommon trap: trap_request=0xffffffc6 fr.pc=0x000000000432c190
Event: 124.268 Thread 0x000000005ca47000 DEOPT PACKING pc=0x000000000432c190 sp=0x000000006507d420
Event: 124.268 Thread 0x000000005ca47000 DEOPT UNPACKING pc=0x000000000254557b sp=0x000000006507d2b0 mode 2
Event: 124.268 Thread 0x000000005ca47000 Uncommon trap: trap_request=0xffffffc6 fr.pc=0x000000000432d678
Event: 124.268 Thread 0x000000005ca47000 DEOPT PACKING pc=0x000000000432d678 sp=0x000000006507d3a0
Event: 124.268 Thread 0x000000005ca47000 DEOPT UNPACKING pc=0x000000000254557b sp=0x000000006507d2a0 mode 2
Event: 124.304 Thread 0x000000005ca42000 Uncommon trap: trap_request=0xffffff65 fr.pc=0x0000000003b98528
Event: 124.304 Thread 0x000000005ca42000 DEOPT PACKING pc=0x0000000003b98528 sp=0x0000000061a5e4c0
Event: 124.304 Thread 0x000000005ca42000 DEOPT UNPACKING pc=0x000000000254557b sp=0x0000000061a5e3f0 mode 2


Dynamic libraries:
0x000000013f4f0000 - 0x000000013f521000 	C:\Program Files\Android\Android Studio\jre\bin\java.exe
0x0000000077190000 - 0x000000007733a000 	C:\Windows\SYSTEM32\ntdll.dll
0x0000000076f70000 - 0x000000007708f000 	C:\Windows\system32\kernel32.dll
0x000007fefd290000 - 0x000007fefd2fa000 	C:\Windows\system32\KERNELBASE.dll
0x000007fefd590000 - 0x000007fefd66b000 	C:\Windows\system32\ADVAPI32.dll
0x000007fefd980000 - 0x000007fefda1f000 	C:\Windows\system32\msvcrt.dll
0x000007fefda20000 - 0x000007fefda3f000 	C:\Windows\SYSTEM32\sechost.dll
0x000007feff370000 - 0x000007feff49d000 	C:\Windows\system32\RPCRT4.dll
0x0000000077090000 - 0x000000007718a000 	C:\Windows\system32\USER32.dll
0x000007fefd910000 - 0x000007fefd977000 	C:\Windows\system32\GDI32.dll
0x000007fefdf70000 - 0x000007fefdf7e000 	C:\Windows\system32\LPK.dll
0x000007fefedc0000 - 0x000007fefee89000 	C:\Windows\system32\USP10.dll
0x000007fefc7a0000 - 0x000007fefc994000 	C:\Windows\WinSxS\amd64_microsoft.windows.common-controls_6595b64144ccf1df_6.0.7601.17514_none_fa396087175ac9ac\COMCTL32.dll
0x000007fefd300000 - 0x000007fefd371000 	C:\Windows\system32\SHLWAPI.dll
0x000007fefd750000 - 0x000007fefd77e000 	C:\Windows\system32\IMM32.DLL
0x000007feff260000 - 0x000007feff369000 	C:\Windows\system32\MSCTF.dll
0x00000000745c0000 - 0x0000000074692000 	C:\Program Files\Android\Android Studio\jre\jre\bin\msvcr100.dll
0x000000006eb60000 - 0x000000006f39f000 	C:\Program Files\Android\Android Studio\jre\jre\bin\server\jvm.dll
0x000007fef7010000 - 0x000007fef7019000 	C:\Windows\system32\WSOCK32.dll
0x000007fefdf20000 - 0x000007fefdf6d000 	C:\Windows\system32\WS2_32.dll
0x000007fefdf80000 - 0x000007fefdf88000 	C:\Windows\system32\NSI.dll
0x000007fef88f0000 - 0x000007fef892b000 	C:\Windows\system32\WINMM.dll
0x000007fefbb00000 - 0x000007fefbb0c000 	C:\Windows\system32\VERSION.dll
0x0000000077360000 - 0x0000000077367000 	C:\Windows\system32\PSAPI.DLL
0x000007fef7000000 - 0x000007fef700f000 	C:\Program Files\Android\Android Studio\jre\jre\bin\verify.dll
0x000007feedfa0000 - 0x000007feedfc9000 	C:\Program Files\Android\Android Studio\jre\jre\bin\java.dll
0x000007feedf80000 - 0x000007feedf96000 	C:\Program Files\Android\Android Studio\jre\jre\bin\zip.dll
0x000007fefe030000 - 0x000007fefedb8000 	C:\Windows\system32\SHELL32.dll
0x000007fefd380000 - 0x000007fefd583000 	C:\Windows\system32\ole32.dll
0x000007fefcf50000 - 0x000007fefcf5f000 	C:\Windows\system32\profapi.dll
0x000007feedd30000 - 0x000007feedd4a000 	C:\Program Files\Android\Android Studio\jre\jre\bin\net.dll
0x000007fefc3e0000 - 0x000007fefc435000 	C:\Windows\system32\mswsock.dll
0x000007fefc3d0000 - 0x000007fefc3d7000 	C:\Windows\System32\wship6.dll
0x000007feedc40000 - 0x000007feedc51000 	C:\Program Files\Android\Android Studio\jre\jre\bin\nio.dll
0x000007feecf20000 - 0x000007feecf3e000 	C:\Users\q\.gradle\native\25\windows-amd64\native-platform.dll
0x000007fef6ff0000 - 0x000007fef6ffd000 	C:\Program Files\Android\Android Studio\jre\jre\bin\management.dll
0x000007fefc440000 - 0x000007fefc457000 	C:\Windows\system32\CRYPTSP.dll
0x000007fefc140000 - 0x000007fefc187000 	C:\Windows\system32\rsaenh.dll
0x000007fefd120000 - 0x000007fefd13e000 	C:\Windows\system32\USERENV.dll
0x000007fefcd80000 - 0x000007fefcd8f000 	C:\Windows\system32\CRYPTBASE.dll
0x000007fef9950000 - 0x000007fef9977000 	C:\Windows\system32\IPHLPAPI.DLL
0x000007fef9940000 - 0x000007fef994b000 	C:\Windows\system32\WINNSI.DLL
0x000007fef9470000 - 0x000007fef9481000 	C:\Windows\system32\dhcpcsvc6.DLL
0x000007fef93f0000 - 0x000007fef9408000 	C:\Windows\system32\dhcpcsvc.DLL
0x000007fefce30000 - 0x000007fefce87000 	C:\Windows\system32\apphelp.dll
0x000007fefa430000 - 0x000007fefa555000 	C:\Windows\system32\dbghelp.dll

VM Arguments:
jvm_args: -Xmx1536m -Dfile.encoding=x-windows-949 -Duser.country=KR -Duser.language=ko -Duser.variant 
java_command: org.gradle.launcher.daemon.bootstrap.GradleDaemon 4.4
java_class_path (initial): C:\Users\q\.gradle\wrapper\dists\gradle-4.4-all\9br9xq1tocpiv8o6njlyu5op1\gradle-4.4\lib\gradle-launcher-4.4.jar
Launcher Type: SUN_STANDARD

Environment Variables:
JAVA_HOME=C:\Program Files\Java\jdk-10.0.1
PATH=C:\Program Files\Java\jdk-10.0.1\bin;C:\Program Files (x86)\Common Files\Oracle\Java\javapath;C:\Windows\system32;C:\Windows;C:\Windows\System32\Wbem;C:\Windows\System32\WindowsPowerShell\v1.0\;C:\Program Files (x86)\NVIDIA Corporation\PhysX\Common;C:\Program Files\Git\cmd;C:\Users\q\AppData\Local\GitHubDesktop\bin
USERNAME=q
OS=Windows_NT
PROCESSOR_IDENTIFIER=Intel64 Family 6 Model 42 Stepping 7, GenuineIntel



---------------  S Y S T E M  ---------------

OS: Windows 7 , 64 bit Build 7601 (6.1.7601.23539)

CPU:total 4 (initial active 4) (4 cores per cpu, 1 threads per core) family 6 model 42 stepping 7, cmov, cx8, fxsr, mmx, sse, sse2, sse3, ssse3, sse4.1, sse4.2, popcnt, avx, aes, clmul, tsc, tscinvbit

Memory: 4k page, physical 16757236k(12181052k free), swap 33512612k(28884176k free)

vm_info: OpenJDK 64-Bit Server VM (25.152-b02) for windows-amd64 JRE (1.8.0_152-release-1024-b02), built by "builder" with MS VC++ 10.0 (VS2010)

time: Tue Jul 03 16:08:41 2018
elapsed time: 124 seconds (0d 0h 2m 4s)

