#
# A fatal error has been detected by the Java Runtime Environment:
#
#  EXCEPTION_ACCESS_VIOLATION (0xc0000005) at pc=0x000000005ed12fd6, pid=4336, tid=0x000000000000059c
#
# JRE version: OpenJDK Runtime Environment (8.0_152-b02) (build 1.8.0_152-release-1024-b02)
# Java VM: OpenJDK 64-Bit Server VM (25.152-b02 mixed mode windows-amd64 compressed oops)
# Problematic frame:
# V  [jvm.dll+0x432fd6]
#
# Failed to write core dump. Minidumps are not enabled by default on client versions of Windows
#
# If you would like to submit a bug report, please visit:
#   http://bugreport.java.com/bugreport/crash.jsp
#

---------------  T H R E A D  ---------------

Current thread (0x00000000573d3800):  JavaThread "C2 CompilerThread1" daemon [_thread_in_native, id=1436, stack(0x0000000057ed0000,0x0000000057fd0000)]

siginfo: ExceptionCode=0xc0000005, reading address 0x000000008329fac8

Registers:
RAX=0x0000000000000001, RBX=0x000000008329faa0, RCX=0x0000000057fcc150, RDX=0x0000000000402ff3
RSP=0x0000000057fcc040, RBP=0x0000000057fcc440, RSI=0x0000000000402ff3, RDI=0x0000000000000002
R8 =0x0000000000000000, R9 =0xffffffffffffffff, R10=0x0000000000000000, R11=0x00000000ffffffff
R12=0x0000000000000000, R13=0x0000000000007530, R14=0x000000005e8e0000, R15=0x0000000000000000
RIP=0x000000005ed12fd6, EFLAGS=0x0000000000010206

Top of Stack: (sp=0x0000000057fcc040)
0x0000000057fcc040:   000000006729f9c0 000000006729f9c0
0x0000000057fcc050:   00000000001df6a0 00000000001df6a0
0x0000000057fcc060:   000023ad00000000 0000000000000008
0x0000000057fcc070:   000000005cb29e40 0000000000000032
0x0000000057fcc080:   000000005c420900 0000000000000032
0x0000000057fcc090:   000000006619f6f0 0000000000000000
0x0000000057fcc0a0:   000000005f98d238 0000000000000000
0x0000000057fcc0b0:   00000000000003d8 000000005f98ce60
0x0000000057fcc0c0:   0000000057fcc1d0 000000005ed14cd3
0x0000000057fcc0d0:   0000000000000000 000000005f98ce50
0x0000000057fcc0e0:   0000000057fcc440 000000005f98ce50
0x0000000057fcc0f0:   0000000000000002 000000005f98ce50
0x0000000057fcc100:   000000005f549d00 000000005f54e000
0x0000000057fcc110:   000000005f551ce8 0000000000d62870
0x0000000057fcc120:   0000000000000002 000000005f61fbc0
0x0000000057fcc130:   000000005f61fbc0 000000005f61fbd0 

Instructions: (pc=0x000000005ed12fd6)
0x000000005ed12fb6:   66 66 0f 1f 84 00 00 00 00 00 8b 95 cc 00 00 00
0x000000005ed12fc6:   48 8b 4d 70 8b da 8b f2 48 6b db 70 48 03 59 20
0x000000005ed12fd6:   8b 43 28 89 85 cc 00 00 00 e8 fc 57 03 00 4c 39
0x000000005ed12fe6:   7b 18 0f 84 32 02 00 00 4c 63 63 5c 48 8d 34 b6 


Register to memory mapping:

RAX=0x0000000000000001 is an unknown value
RBX=0x000000008329faa0 is an unknown value
RCX=0x0000000057fcc150 is pointing into the stack for thread: 0x00000000573d3800
RDX=0x0000000000402ff3 is an unknown value
RSP=0x0000000057fcc040 is pointing into the stack for thread: 0x00000000573d3800
RBP=0x0000000057fcc440 is pointing into the stack for thread: 0x00000000573d3800
RSI=0x0000000000402ff3 is an unknown value
RDI=0x0000000000000002 is an unknown value
R8 =0x0000000000000000 is an unknown value
R9 =0xffffffffffffffff is an unknown value
R10=0x0000000000000000 is an unknown value
R11=0x00000000ffffffff is an unallocated location in the heap
R12=0x0000000000000000 is an unknown value
R13=0x0000000000007530 is an unknown value
R14=0x000000005e8e0000 is an unknown value
R15=0x0000000000000000 is an unknown value


Stack: [0x0000000057ed0000,0x0000000057fd0000],  sp=0x0000000057fcc040,  free space=1008k
Native frames: (J=compiled Java code, j=interpreted, Vv=VM code, C=native code)
V  [jvm.dll+0x432fd6]
V  [jvm.dll+0x434cd3]
V  [jvm.dll+0x43f76b]
V  [jvm.dll+0x44203e]
V  [jvm.dll+0x4250b2]
V  [jvm.dll+0x814c8]
V  [jvm.dll+0x81dff]
V  [jvm.dll+0x21d2df]
V  [jvm.dll+0x26d7ea]
C  [msvcr100.dll+0x21d9f]
C  [msvcr100.dll+0x21e3b]
C  [kernel32.dll+0x159cd]
C  [ntdll.dll+0x2a2e1]


Current CompileTask:
C2:1265736 16418       4       com.android.tools.r8.ir.conversion.JarSourceCode::buildInstruction (99 bytes)


---------------  P R O C E S S  ---------------

Java Threads: ( => current thread )
  0x0000000060a15000 JavaThread "stdout" daemon [_thread_in_native, id=6476, stack(0x0000000067050000,0x0000000067150000)]
  0x0000000060a14800 JavaThread "stderr" daemon [_thread_in_native, id=6156, stack(0x0000000066f30000,0x0000000067030000)]
  0x0000000060a13000 JavaThread "stdout" daemon [_thread_in_native, id=6864, stack(0x0000000066e30000,0x0000000066f30000)]
  0x0000000058ec1000 JavaThread "stderr" daemon [_thread_in_native, id=4536, stack(0x0000000066310000,0x0000000066410000)]
  0x0000000058ebd000 JavaThread "stdout" daemon [_thread_in_native, id=6576, stack(0x0000000066ad0000,0x0000000066bd0000)]
  0x0000000058ec2800 JavaThread "stderr" daemon [_thread_in_native, id=6064, stack(0x0000000066d10000,0x0000000066e10000)]
  0x0000000058ebf800 JavaThread "stdout" daemon [_thread_in_native, id=6704, stack(0x0000000066be0000,0x0000000066ce0000)]
  0x0000000058ec3000 JavaThread "stderr" daemon [_thread_in_native, id=5844, stack(0x0000000066970000,0x0000000066a70000)]
  0x0000000058ebe000 JavaThread "queued-resource-processor_32" daemon [_thread_blocked, id=7104, stack(0x0000000066760000,0x0000000066860000)]
  0x0000000058ec4000 JavaThread "queued-resource-processor_31" daemon [_thread_blocked, id=5448, stack(0x0000000066870000,0x0000000066970000)]
  0x0000000058ec1800 JavaThread "queued-resource-processor_30" daemon [_thread_blocked, id=7076, stack(0x0000000066630000,0x0000000066730000)]
  0x0000000058ebe800 JavaThread "queued-resource-processor_29" daemon [_thread_blocked, id=6264, stack(0x0000000066410000,0x0000000066510000)]
  0x0000000060a13800 JavaThread "ForkJoinPool.commonPool-worker-2" daemon [_thread_blocked, id=5636, stack(0x0000000066520000,0x0000000066620000)]
  0x0000000059940800 JavaThread "ForkJoinPool.commonPool-worker-1" daemon [_thread_blocked, id=3452, stack(0x00000000641c0000,0x00000000642c0000)]
  0x000000005993c800 JavaThread "ForkJoinPool.commonPool-worker-0" daemon [_thread_blocked, id=6384, stack(0x0000000065db0000,0x0000000065eb0000)]
  0x000000005993b000 JavaThread "ForkJoinPool.commonPool-worker-3" daemon [_thread_blocked, id=6316, stack(0x0000000065ec0000,0x0000000065fc0000)]
  0x000000005993f800 JavaThread "Cache worker for Java compile cache (C:\Users\q\AndroidStudioProjects\1stweek\.gradle\4.4\javaCompile)" [_thread_blocked, id=4800, stack(0x0000000064b60000,0x0000000064c60000)]
  0x0000000059941000 JavaThread "Task worker for ':' Thread 3" [_thread_blocked, id=6540, stack(0x0000000064650000,0x0000000064750000)]
  0x0000000059942000 JavaThread "Task worker for ':' Thread 2" [_thread_blocked, id=6184, stack(0x0000000064750000,0x0000000064850000)]
  0x000000005993e000 JavaThread "Task worker for ':'" [_thread_blocked, id=6744, stack(0x0000000064520000,0x0000000064620000)]
  0x0000000058982000 JavaThread "Cache worker for Build Output Cleanup Cache (C:\Users\q\AndroidStudioProjects\1stweek\.gradle\buildOutputCleanup)" [_thread_blocked, id=6332, stack(0x00000000640a0000,0x00000000641a0000)]
  0x000000005898a800 JavaThread "Cache worker for task history cache (C:\Users\q\AndroidStudioProjects\1stweek\.gradle\4.4\taskHistory)" [_thread_blocked, id=4164, stack(0x0000000063c40000,0x0000000063d40000)]
  0x0000000058983000 JavaThread "Cache worker for file content cache (C:\Users\q\AndroidStudioProjects\1stweek\.gradle\4.4\fileContent)" [_thread_blocked, id=6748, stack(0x0000000060530000,0x0000000060630000)]
  0x0000000058984800 JavaThread "build operations Thread 4" [_thread_blocked, id=4520, stack(0x000000005d6a0000,0x000000005d7a0000)]
  0x0000000058983800 JavaThread "build operations Thread 3" [_thread_blocked, id=1524, stack(0x00000000624c0000,0x00000000625c0000)]
  0x0000000058986800 JavaThread "build operations Thread 2" [_thread_blocked, id=7108, stack(0x000000005f200000,0x000000005f300000)]
  0x0000000058988000 JavaThread "build operations" [_thread_blocked, id=6128, stack(0x000000005b7d0000,0x000000005b8d0000)]
  0x0000000058985000 JavaThread "Cache worker for Artifact transforms cache (C:\Users\q\.gradle\caches\transforms-1)" [_thread_blocked, id=6764, stack(0x000000005c0d0000,0x000000005c1d0000)]
  0x0000000058980800 JavaThread "Cache worker for file hash cache (C:\Users\q\AndroidStudioProjects\1stweek\.gradle\4.4\fileHashes)" [_thread_blocked, id=5968, stack(0x00000000120e0000,0x00000000121e0000)]
  0x000000005897e800 JavaThread "Stdin handler" [_thread_blocked, id=4692, stack(0x000000005baf0000,0x000000005bbf0000)]
  0x0000000058980000 JavaThread "Asynchronous log dispatcher for DefaultDaemonConnection: socket connection from /127.0.0.1:59799 to /127.0.0.1:61031" [_thread_blocked, id=6320, stack(0x000000005b920000,0x000000005ba20000)]
  0x0000000058989000 JavaThread "Daemon worker Thread 3" [_thread_blocked, id=6372, stack(0x000000005b010000,0x000000005b110000)]
  0x000000005898a000 JavaThread "Cancel handler" [_thread_blocked, id=1552, stack(0x000000005b6c0000,0x000000005b7c0000)]
  0x000000005897c000 JavaThread "Handler for socket connection from /127.0.0.1:59799 to /127.0.0.1:61031" [_thread_in_native, id=6312, stack(0x0000000057bf0000,0x0000000057cf0000)]
  0x0000000058986000 JavaThread "Daemon Thread 3" [_thread_blocked, id=6104, stack(0x000000005b280000,0x000000005b380000)]
  0x0000000058981800 JavaThread "Memory manager" [_thread_blocked, id=4820, stack(0x00000000623b0000,0x00000000624b0000)]
  0x0000000059e91000 JavaThread "File lock request listener" [_thread_in_native, id=5768, stack(0x0000000058ba0000,0x0000000058ca0000)]
  0x000000005954e800 JavaThread "Cache worker for file hash cache (C:\Users\q\.gradle\caches\4.4\fileHashes)" [_thread_blocked, id=4584, stack(0x000000005bf30000,0x000000005c030000)]
  0x00000000594c7000 JavaThread "Daemon periodic checks" [_thread_blocked, id=4444, stack(0x000000005b160000,0x000000005b260000)]
  0x00000000594bf000 JavaThread "Incoming local TCP Connector on port 59799" [_thread_in_native, id=5892, stack(0x000000005af00000,0x000000005b000000)]
  0x000000005744d000 JavaThread "Service Thread" daemon [_thread_blocked, id=5824, stack(0x00000000577d0000,0x00000000578d0000)]
  0x00000000573d8800 JavaThread "C1 CompilerThread2" daemon [_thread_blocked, id=5632, stack(0x0000000057fd0000,0x00000000580d0000)]
=>0x00000000573d3800 JavaThread "C2 CompilerThread1" daemon [_thread_in_native, id=1436, stack(0x0000000057ed0000,0x0000000057fd0000)]
  0x0000000055fdb800 JavaThread "C2 CompilerThread0" daemon [_thread_blocked, id=5344, stack(0x0000000057cf0000,0x0000000057df0000)]
  0x00000000573b9000 JavaThread "Attach Listener" daemon [_thread_blocked, id=2588, stack(0x0000000057ae0000,0x0000000057be0000)]
  0x00000000573b8800 JavaThread "Signal Dispatcher" daemon [_thread_blocked, id=5940, stack(0x0000000057930000,0x0000000057a30000)]
  0x0000000055fb8000 JavaThread "Finalizer" daemon [_thread_blocked, id=6076, stack(0x00000000572b0000,0x00000000573b0000)]
  0x0000000055f70800 JavaThread "Reference Handler" daemon [_thread_blocked, id=3972, stack(0x0000000057170000,0x0000000057270000)]
  0x000000000211e800 JavaThread "main" [_thread_blocked, id=6108, stack(0x0000000002240000,0x0000000002340000)]

Other Threads:
  0x0000000055f69000 VMThread [stack: 0x0000000057000000,0x0000000057100000] [id=5972]
  0x000000005741d000 WatcherThread [stack: 0x0000000058260000,0x0000000058360000] [id=5540]

VM state:not at safepoint (normal execution)

VM Mutex/Monitor currently owned by a thread: None

Heap:
 PSYoungGen      total 494080K, used 192175K [0x00000000e0000000, 0x00000000fff00000, 0x0000000100000000)
  eden space 465920K, 37% used [0x00000000e0000000,0x00000000eaa23330,0x00000000fc700000)
  from space 28160K, 63% used [0x00000000fe380000,0x00000000ff508b50,0x00000000fff00000)
  to   space 28672K, 0% used [0x00000000fc700000,0x00000000fc700000,0x00000000fe300000)
 ParOldGen       total 211456K, used 49812K [0x00000000a0000000, 0x00000000ace80000, 0x00000000e0000000)
  object space 211456K, 23% used [0x00000000a0000000,0x00000000a30a5330,0x00000000ace80000)
 Metaspace       used 85661K, capacity 89578K, committed 89728K, reserved 1126400K
  class space    used 11041K, capacity 11848K, committed 11904K, reserved 1048576K

Card table byte_map: [0x00000000117b0000,0x0000000011ac0000] byte_map_base: 0x00000000112b0000

Marking Bits: (ParMarkBitMap*) 0x000000005f0a4970
 Begin Bits: [0x00000000122e0000, 0x0000000013ae0000)
 End Bits:   [0x0000000013ae0000, 0x00000000152e0000)

Polling page: 0x0000000000240000

CodeCache: size=245760Kb used=45779Kb max_used=45791Kb free=199980Kb
 bounds [0x00000000023f0000, 0x00000000050e0000, 0x00000000113f0000]
 total_blobs=15119 nmethods=14268 adapters=762
 compilation: enabled

Compilation events (10 events):
Event: 1265.493 Thread 0x0000000055fdb800 16895       4       com.android.tools.r8.dex.DexOutputBuffer::forward (23 bytes)
Event: 1265.493 Thread 0x00000000573d8800 17081       3       com.google.gson.internal.$Gson$Types$ParameterizedTypeImpl::<init> (153 bytes)
Event: 1265.494 Thread 0x0000000055fdb800 nmethod 16895 0x00000000050d4490 code [0x00000000050d45e0, 0x00000000050d46d8]
Event: 1265.494 Thread 0x0000000055fdb800 16554       4       java.nio.ByteBuffer::allocate (22 bytes)
Event: 1265.494 Thread 0x00000000573d8800 nmethod 17081 0x00000000050da410 code [0x00000000050da6c0, 0x00000000050dba58]
Event: 1265.496 Thread 0x0000000055fdb800 nmethod 16554 0x00000000050d7490 code [0x00000000050d75e0, 0x00000000050d7798]
Event: 1265.496 Thread 0x0000000055fdb800 16998       4       com.android.tools.r8.dex.DexOutputBuffer::rewind (7 bytes)
Event: 1265.497 Thread 0x0000000055fdb800 nmethod 16998 0x00000000050d7090 code [0x00000000050d71e0, 0x00000000050d72d8]
Event: 1265.497 Thread 0x0000000055fdb800 16997       4       com.android.tools.r8.graph.DexValue::access$100 (7 bytes)
Event: 1265.498 Thread 0x0000000055fdb800 nmethod 16997 0x00000000050d9ed0 code [0x00000000050da020, 0x00000000050da158]

GC Heap History (10 events):
Event: 27.324 GC heap before
{Heap before GC invocations=11 (full 3):
 PSYoungGen      total 364544K, used 340992K [0x00000000e0000000, 0x0000000100000000, 0x0000000100000000)
  eden space 340992K, 100% used [0x00000000e0000000,0x00000000f4d00000,0x00000000f4d00000)
  from space 23552K, 0% used [0x00000000f4d00000,0x00000000f4d00000,0x00000000f6400000)
  to   space 26624K, 0% used [0x00000000fe600000,0x00000000fe600000,0x0000000100000000)
 ParOldGen       total 211456K, used 38261K [0x00000000a0000000, 0x00000000ace80000, 0x00000000e0000000)
  object space 211456K, 18% used [0x00000000a0000000,0x00000000a255d538,0x00000000ace80000)
 Metaspace       used 65783K, capacity 68246K, committed 68352K, reserved 1107968K
  class space    used 8757K, capacity 9374K, committed 9472K, reserved 1048576K
Event: 27.394 GC heap after
Heap after GC invocations=11 (full 3):
 PSYoungGen      total 495616K, used 20320K [0x00000000e0000000, 0x0000000100000000, 0x0000000100000000)
  eden space 468992K, 0% used [0x00000000e0000000,0x00000000e0000000,0x00000000fca00000)
  from space 26624K, 76% used [0x00000000fe600000,0x00000000ff9d80e8,0x0000000100000000)
  to   space 27648K, 0% used [0x00000000fca00000,0x00000000fca00000,0x00000000fe500000)
 ParOldGen       total 211456K, used 38261K [0x00000000a0000000, 0x00000000ace80000, 0x00000000e0000000)
  object space 211456K, 18% used [0x00000000a0000000,0x00000000a255d538,0x00000000ace80000)
 Metaspace       used 65783K, capacity 68246K, committed 68352K, reserved 1107968K
  class space    used 8757K, capacity 9374K, committed 9472K, reserved 1048576K
}
Event: 856.371 GC heap before
{Heap before GC invocations=12 (full 3):
 PSYoungGen      total 495616K, used 488578K [0x00000000e0000000, 0x0000000100000000, 0x0000000100000000)
  eden space 468992K, 99% used [0x00000000e0000000,0x00000000fc9488f8,0x00000000fca00000)
  from space 26624K, 76% used [0x00000000fe600000,0x00000000ff9d80e8,0x0000000100000000)
  to   space 27648K, 0% used [0x00000000fca00000,0x00000000fca00000,0x00000000fe500000)
 ParOldGen       total 211456K, used 38261K [0x00000000a0000000, 0x00000000ace80000, 0x00000000e0000000)
  object space 211456K, 18% used [0x00000000a0000000,0x00000000a255d538,0x00000000ace80000)
 Metaspace       used 68821K, capacity 71784K, committed 72064K, reserved 1112064K
  class space    used 9073K, capacity 9749K, committed 9856K, reserved 1048576K
Event: 856.391 GC heap after
Heap after GC invocations=12 (full 3):
 PSYoungGen      total 491520K, used 22363K [0x00000000e0000000, 0x0000000100000000, 0x0000000100000000)
  eden space 468992K, 0% used [0x00000000e0000000,0x00000000e0000000,0x00000000fca00000)
  from space 22528K, 99% used [0x00000000fca00000,0x00000000fdfd6f40,0x00000000fe000000)
  to   space 29184K, 0% used [0x00000000fe380000,0x00000000fe380000,0x0000000100000000)
 ParOldGen       total 211456K, used 38269K [0x00000000a0000000, 0x00000000ace80000, 0x00000000e0000000)
  object space 211456K, 18% used [0x00000000a0000000,0x00000000a255f538,0x00000000ace80000)
 Metaspace       used 68821K, capacity 71784K, committed 72064K, reserved 1112064K
  class space    used 9073K, capacity 9749K, committed 9856K, reserved 1048576K
}
Event: 862.223 GC heap before
{Heap before GC invocations=13 (full 3):
 PSYoungGen      total 491520K, used 490767K [0x00000000e0000000, 0x0000000100000000, 0x0000000100000000)
  eden space 468992K, 99% used [0x00000000e0000000,0x00000000fc96ce80,0x00000000fca00000)
  from space 22528K, 99% used [0x00000000fca00000,0x00000000fdfd6f40,0x00000000fe000000)
  to   space 29184K, 0% used [0x00000000fe380000,0x00000000fe380000,0x0000000100000000)
 ParOldGen       total 211456K, used 38269K [0x00000000a0000000, 0x00000000ace80000, 0x00000000e0000000)
  object space 211456K, 18% used [0x00000000a0000000,0x00000000a255f538,0x00000000ace80000)
 Metaspace       used 78263K, capacity 81972K, committed 82304K, reserved 1120256K
  class space    used 10284K, capacity 11053K, committed 11136K, reserved 1048576K
Event: 862.246 GC heap after
Heap after GC invocations=13 (full 3):
 PSYoungGen      total 495104K, used 19826K [0x00000000e0000000, 0x0000000100000000, 0x0000000100000000)
  eden space 465920K, 0% used [0x00000000e0000000,0x00000000e0000000,0x00000000fc700000)
  from space 29184K, 67% used [0x00000000fe380000,0x00000000ff6dcba0,0x0000000100000000)
  to   space 29184K, 0% used [0x00000000fc700000,0x00000000fc700000,0x00000000fe380000)
 ParOldGen       total 211456K, used 49796K [0x00000000a0000000, 0x00000000ace80000, 0x00000000e0000000)
  object space 211456K, 23% used [0x00000000a0000000,0x00000000a30a1330,0x00000000ace80000)
 Metaspace       used 78263K, capacity 81972K, committed 82304K, reserved 1120256K
  class space    used 10284K, capacity 11053K, committed 11136K, reserved 1048576K
}
Event: 1258.728 GC heap before
{Heap before GC invocations=14 (full 3):
 PSYoungGen      total 495104K, used 485678K [0x00000000e0000000, 0x0000000100000000, 0x0000000100000000)
  eden space 465920K, 99% used [0x00000000e0000000,0x00000000fc6eed50,0x00000000fc700000)
  from space 29184K, 67% used [0x00000000fe380000,0x00000000ff6dcba0,0x0000000100000000)
  to   space 29184K, 0% used [0x00000000fc700000,0x00000000fc700000,0x00000000fe380000)
 ParOldGen       total 211456K, used 49796K [0x00000000a0000000, 0x00000000ace80000, 0x00000000e0000000)
  object space 211456K, 23% used [0x00000000a0000000,0x00000000a30a1330,0x00000000ace80000)
 Metaspace       used 78690K, capacity 82524K, committed 82560K, reserved 1120256K
  class space    used 10304K, capacity 11103K, committed 11136K, reserved 1048576K
Event: 1258.994 GC heap after
Heap after GC invocations=14 (full 3):
 PSYoungGen      total 495104K, used 8773K [0x00000000e0000000, 0x0000000100000000, 0x0000000100000000)
  eden space 465920K, 0% used [0x00000000e0000000,0x00000000e0000000,0x00000000fc700000)
  from space 29184K, 30% used [0x00000000fc700000,0x00000000fcf91758,0x00000000fe380000)
  to   space 29184K, 0% used [0x00000000fe380000,0x00000000fe380000,0x0000000100000000)
 ParOldGen       total 211456K, used 49804K [0x00000000a0000000, 0x00000000ace80000, 0x00000000e0000000)
  object space 211456K, 23% used [0x00000000a0000000,0x00000000a30a3330,0x00000000ace80000)
 Metaspace       used 78690K, capacity 82524K, committed 82560K, reserved 1120256K
  class space    used 10304K, capacity 11103K, committed 11136K, reserved 1048576K
}
Event: 1263.005 GC heap before
{Heap before GC invocations=15 (full 3):
 PSYoungGen      total 495104K, used 474650K [0x00000000e0000000, 0x0000000100000000, 0x0000000100000000)
  eden space 465920K, 99% used [0x00000000e0000000,0x00000000fc6f5190,0x00000000fc700000)
  from space 29184K, 30% used [0x00000000fc700000,0x00000000fcf91758,0x00000000fe380000)
  to   space 29184K, 0% used [0x00000000fe380000,0x00000000fe380000,0x0000000100000000)
 ParOldGen       total 211456K, used 49804K [0x00000000a0000000, 0x00000000ace80000, 0x00000000e0000000)
  object space 211456K, 23% used [0x00000000a0000000,0x00000000a30a3330,0x00000000ace80000)
 Metaspace       used 85051K, capacity 88920K, committed 89216K, reserved 1126400K
  class space    used 11017K, capacity 11831K, committed 11904K, reserved 1048576K
Event: 1263.019 GC heap after
Heap after GC invocations=15 (full 3):
 PSYoungGen      total 494080K, used 17954K [0x00000000e0000000, 0x00000000fff00000, 0x0000000100000000)
  eden space 465920K, 0% used [0x00000000e0000000,0x00000000e0000000,0x00000000fc700000)
  from space 28160K, 63% used [0x00000000fe380000,0x00000000ff508b50,0x00000000fff00000)
  to   space 28672K, 0% used [0x00000000fc700000,0x00000000fc700000,0x00000000fe300000)
 ParOldGen       total 211456K, used 49812K [0x00000000a0000000, 0x00000000ace80000, 0x00000000e0000000)
  object space 211456K, 23% used [0x00000000a0000000,0x00000000a30a5330,0x00000000ace80000)
 Metaspace       used 85051K, capacity 88920K, committed 89216K, reserved 1126400K
  class space    used 11017K, capacity 11831K, committed 11904K, reserved 1048576K
}

Deoptimization events (10 events):
Event: 1264.573 Thread 0x0000000058ebf800 Uncommon trap: reason=unstable_if action=reinterpret pc=0x0000000004a20e3c method=java.util.concurrent.ConcurrentHashMap.computeIfAbsent(Ljava/lang/Object;Ljava/util/function/Function;)Ljava/lang/Object; @ 200
Event: 1264.573 Thread 0x0000000058ebf800 Uncommon trap: reason=unstable_if action=reinterpret pc=0x000000000282f9a0 method=java.util.concurrent.ConcurrentHashMap.transfer([Ljava/util/concurrent/ConcurrentHashMap$Node;[Ljava/util/concurrent/ConcurrentHashMap$Node;)V @ 277
Event: 1264.579 Thread 0x0000000058ec0000 Uncommon trap: reason=unstable_if action=reinterpret pc=0x0000000003c7b5e0 method=java.util.stream.MatchOps$1MatchSink.accept(Ljava/lang/Object;)V @ 24
Event: 1264.579 Thread 0x0000000058ec0000 Uncommon trap: reason=unstable_if action=reinterpret pc=0x000000000480e160 method=java.util.stream.MatchOps$1MatchSink.accept(Ljava/lang/Object;)V @ 24
Event: 1264.580 Thread 0x0000000058ec0000 Uncommon trap: reason=unstable_if action=reinterpret pc=0x0000000004715100 method=com.android.tools.r8.graph.DexString.slowCompareTo(Lcom/android/tools/r8/graph/DexString;)I @ 136
Event: 1264.609 Thread 0x0000000058ec1000 Uncommon trap: reason=unstable_if action=reinterpret pc=0x00000000046915f8 method=com.android.tools.r8.ir.regalloc.LinearScanRegisterAllocator.performLinearScan(Lcom/android/tools/r8/ir/regalloc/LinearScanRegisterAllocator$ArgumentReuseMode;)Z @ 492
Event: 1264.639 Thread 0x000000005993b000 Uncommon trap: reason=bimorphic action=maybe_recompile pc=0x00000000050b8d14 method=com.android.tools.r8.graph.DexEncodedField.collectIndexedItems(Lcom/android/tools/r8/dex/IndexedItemCollection;)V @ 28
Event: 1264.640 Thread 0x000000005993b000 Uncommon trap: reason=bimorphic action=maybe_recompile pc=0x00000000050b8d14 method=com.android.tools.r8.graph.DexEncodedField.collectIndexedItems(Lcom/android/tools/r8/dex/IndexedItemCollection;)V @ 28
Event: 1264.731 Thread 0x0000000059940800 Uncommon trap: reason=bimorphic action=maybe_recompile pc=0x00000000050b8d14 method=com.android.tools.r8.graph.DexEncodedField.collectIndexedItems(Lcom/android/tools/r8/dex/IndexedItemCollection;)V @ 28
Event: 1264.778 Thread 0x000000005993c800 Uncommon trap: reason=bimorphic action=maybe_recompile pc=0x00000000050b8d14 method=com.android.tools.r8.graph.DexEncodedField.collectIndexedItems(Lcom/android/tools/r8/dex/IndexedItemCollection;)V @ 28

Classes redefined (0 events):
No events

Internal exceptions (10 events):
Event: 1265.197 Thread 0x0000000059940800 Exception <a 'sun/nio/fs/WindowsException'> (0x00000000e92df348) thrown at [D:\src\AOSP-openjdk-cygwin\jdk8u\hotspot\src\share\vm\prims\jni.cpp, line 709]
Event: 1265.225 Thread 0x0000000058ec1000 Exception <a 'sun/nio/fs/WindowsException'> (0x00000000e94814a0) thrown at [D:\src\AOSP-openjdk-cygwin\jdk8u\hotspot\src\share\vm\prims\jni.cpp, line 709]
Event: 1265.243 Thread 0x0000000059940800 Exception <a 'sun/nio/fs/WindowsException'> (0x00000000e9526e40) thrown at [D:\src\AOSP-openjdk-cygwin\jdk8u\hotspot\src\share\vm\prims\jni.cpp, line 709]
Event: 1265.270 Thread 0x0000000058ec3000 Exception <a 'sun/nio/fs/WindowsException'> (0x00000000e96c0248) thrown at [D:\src\AOSP-openjdk-cygwin\jdk8u\hotspot\src\share\vm\prims\jni.cpp, line 709]
Event: 1265.348 Thread 0x0000000059940800 Exception <a 'sun/nio/fs/WindowsException'> (0x00000000e97190c8) thrown at [D:\src\AOSP-openjdk-cygwin\jdk8u\hotspot\src\share\vm\prims\jni.cpp, line 709]
Event: 1265.405 Thread 0x0000000058ec4000 Exception <a 'sun/nio/fs/WindowsException'> (0x00000000e9c4e0b0) thrown at [D:\src\AOSP-openjdk-cygwin\jdk8u\hotspot\src\share\vm\prims\jni.cpp, line 709]
Event: 1265.425 Thread 0x000000005993b000 Exception <a 'sun/nio/fs/WindowsException'> (0x00000000e805d158) thrown at [D:\src\AOSP-openjdk-cygwin\jdk8u\hotspot\src\share\vm\prims\jni.cpp, line 709]
Event: 1265.429 Thread 0x000000005993c800 Exception <a 'sun/nio/fs/WindowsException'> (0x00000000e9f67250) thrown at [D:\src\AOSP-openjdk-cygwin\jdk8u\hotspot\src\share\vm\prims\jni.cpp, line 709]
Event: 1265.446 Thread 0x0000000058ebe800 Exception <a 'sun/nio/fs/WindowsException'> (0x00000000ea1ea488) thrown at [D:\src\AOSP-openjdk-cygwin\jdk8u\hotspot\src\share\vm\prims\jni.cpp, line 709]
Event: 1265.455 Thread 0x000000005993c000 Exception <a 'sun/nio/fs/WindowsException'> (0x00000000ea399b48) thrown at [D:\src\AOSP-openjdk-cygwin\jdk8u\hotspot\src\share\vm\prims\jni.cpp, line 709]

Events (10 events):
Event: 1265.512 Thread 0x0000000058ec1000 Thread added: 0x0000000058ec1000
Event: 1265.513 Thread 0x0000000060a13000 Thread added: 0x0000000060a13000
Event: 1265.514 Thread 0x0000000060a14800 Thread added: 0x0000000060a14800
Event: 1265.514 Thread 0x0000000060a15000 Thread added: 0x0000000060a15000
Event: 1265.527 Executing VM operation: RevokeBias
Event: 1265.527 Executing VM operation: RevokeBias done
Event: 1265.528 Executing VM operation: RevokeBias
Event: 1265.528 Executing VM operation: RevokeBias done
Event: 1265.534 Executing VM operation: RevokeBias
Event: 1265.534 Executing VM operation: RevokeBias done


Dynamic libraries:
0x000000013fda0000 - 0x000000013fdd1000 	C:\Program Files\Android\Android Studio\jre\bin\java.exe
0x0000000076f50000 - 0x00000000770fa000 	C:\Windows\SYSTEM32\ntdll.dll
0x0000000076e30000 - 0x0000000076f4f000 	C:\Windows\system32\kernel32.dll
0x000007fefce20000 - 0x000007fefce8a000 	C:\Windows\system32\KERNELBASE.dll
0x000007fefdff0000 - 0x000007fefe0cb000 	C:\Windows\system32\ADVAPI32.dll
0x000007feff090000 - 0x000007feff12f000 	C:\Windows\system32\msvcrt.dll
0x000007feff240000 - 0x000007feff25f000 	C:\Windows\SYSTEM32\sechost.dll
0x000007fefd6f0000 - 0x000007fefd81d000 	C:\Windows\system32\RPCRT4.dll
0x0000000076d30000 - 0x0000000076e2a000 	C:\Windows\system32\USER32.dll
0x000007fefda20000 - 0x000007fefda87000 	C:\Windows\system32\GDI32.dll
0x000007fefe2f0000 - 0x000007fefe2fe000 	C:\Windows\system32\LPK.dll
0x000007fefd0c0000 - 0x000007fefd189000 	C:\Windows\system32\USP10.dll
0x000007fefb460000 - 0x000007fefb654000 	C:\Windows\WinSxS\amd64_microsoft.windows.common-controls_6595b64144ccf1df_6.0.7601.17514_none_fa396087175ac9ac\COMCTL32.dll
0x000007fefe260000 - 0x000007fefe2d1000 	C:\Windows\system32\SHLWAPI.dll
0x000007fefe230000 - 0x000007fefe25e000 	C:\Windows\system32\IMM32.DLL
0x000007feff130000 - 0x000007feff239000 	C:\Windows\system32\MSCTF.dll
0x000000006b410000 - 0x000000006b4e2000 	C:\Program Files\Android\Android Studio\jre\jre\bin\msvcr100.dll
0x000000005e8e0000 - 0x000000005f11f000 	C:\Program Files\Android\Android Studio\jre\jre\bin\server\jvm.dll
0x000007fefb0f0000 - 0x000007fefb0f9000 	C:\Windows\system32\WSOCK32.dll
0x000007fefd190000 - 0x000007fefd1dd000 	C:\Windows\system32\WS2_32.dll
0x000007fefe2e0000 - 0x000007fefe2e8000 	C:\Windows\system32\NSI.dll
0x000007fef8750000 - 0x000007fef878b000 	C:\Windows\system32\WINMM.dll
0x000007fefbb50000 - 0x000007fefbb5c000 	C:\Windows\system32\VERSION.dll
0x0000000077110000 - 0x0000000077117000 	C:\Windows\system32\PSAPI.DLL
0x000007fefb0e0000 - 0x000007fefb0ef000 	C:\Program Files\Android\Android Studio\jre\jre\bin\verify.dll
0x000007fef3d30000 - 0x000007fef3d59000 	C:\Program Files\Android\Android Studio\jre\jre\bin\java.dll
0x000007fef9d00000 - 0x000007fef9d16000 	C:\Program Files\Android\Android Studio\jre\jre\bin\zip.dll
0x000007fefe300000 - 0x000007feff088000 	C:\Windows\system32\SHELL32.dll
0x000007fefd4e0000 - 0x000007fefd6e3000 	C:\Windows\system32\ole32.dll
0x000007fefcd10000 - 0x000007fefcd1f000 	C:\Windows\system32\profapi.dll
0x000007fef8f20000 - 0x000007fef8f3a000 	C:\Program Files\Android\Android Studio\jre\jre\bin\net.dll
0x000007fefc580000 - 0x000007fefc5d5000 	C:\Windows\system32\mswsock.dll
0x000007fefc730000 - 0x000007fefc737000 	C:\Windows\System32\wship6.dll
0x000007fef8f00000 - 0x000007fef8f11000 	C:\Program Files\Android\Android Studio\jre\jre\bin\nio.dll
0x000007fef3d10000 - 0x000007fef3d2e000 	C:\Users\q\.gradle\native\25\windows-amd64\native-platform.dll
0x000007fefa4f0000 - 0x000007fefa4fd000 	C:\Program Files\Android\Android Studio\jre\jre\bin\management.dll
0x000007fefc620000 - 0x000007fefc637000 	C:\Windows\system32\CRYPTSP.dll
0x000007fefc1e0000 - 0x000007fefc227000 	C:\Windows\system32\rsaenh.dll
0x000007fefce00000 - 0x000007fefce1e000 	C:\Windows\system32\USERENV.dll
0x000007fefcba0000 - 0x000007fefcbaf000 	C:\Windows\system32\CRYPTBASE.dll
0x000007fef9930000 - 0x000007fef9957000 	C:\Windows\system32\IPHLPAPI.DLL
0x000007fef9920000 - 0x000007fef992b000 	C:\Windows\system32\WINNSI.DLL
0x000007fef9710000 - 0x000007fef9721000 	C:\Windows\system32\dhcpcsvc6.DLL
0x000007fef96f0000 - 0x000007fef9708000 	C:\Windows\system32\dhcpcsvc.DLL
0x000007fefcb40000 - 0x000007fefcb97000 	C:\Windows\system32\apphelp.dll
0x000007fefa5d0000 - 0x000007fefa6f5000 	C:\Windows\system32\dbghelp.dll

VM Arguments:
jvm_args: -Xmx1536m -Dfile.encoding=x-windows-949 -Duser.country=KR -Duser.language=ko -Duser.variant 
java_command: org.gradle.launcher.daemon.bootstrap.GradleDaemon 4.4
java_class_path (initial): C:\Users\q\.gradle\wrapper\dists\gradle-4.4-all\9br9xq1tocpiv8o6njlyu5op1\gradle-4.4\lib\gradle-launcher-4.4.jar
Launcher Type: SUN_STANDARD

Environment Variables:
JAVA_HOME=C:\Program Files\Java\jdk-10.0.1
PATH=C:\Program Files\Java\jdk-10.0.1\bin;C:\Program Files (x86)\Common Files\Oracle\Java\javapath;C:\Windows\system32;C:\Windows;C:\Windows\System32\Wbem;C:\Windows\System32\WindowsPowerShell\v1.0\;C:\Program Files (x86)\NVIDIA Corporation\PhysX\Common;C:\Program Files\Git\cmd;C:\Users\q\AppData\Local\GitHubDesktop\bin
USERNAME=q
OS=Windows_NT
PROCESSOR_IDENTIFIER=Intel64 Family 6 Model 42 Stepping 7, GenuineIntel



---------------  S Y S T E M  ---------------

OS: Windows 7 , 64 bit Build 7601 (6.1.7601.23539)

CPU:total 4 (initial active 4) (4 cores per cpu, 1 threads per core) family 6 model 42 stepping 7, cmov, cx8, fxsr, mmx, sse, sse2, sse3, ssse3, sse4.1, sse4.2, popcnt, avx, aes, clmul, tsc, tscinvbit

Memory: 4k page, physical 16757236k(6613084k free), swap 33512612k(19874876k free)

vm_info: OpenJDK 64-Bit Server VM (25.152-b02) for windows-amd64 JRE (1.8.0_152-release-1024-b02), built by "builder" with MS VC++ 10.0 (VS2010)

time: Sat Jun 30 14:25:46 2018
elapsed time: 1265 seconds (0d 0h 21m 5s)

